
         /\      Grafana   /‾‾/  
    /\  /  \     |\  __   /  /   
   /  \/    \    | |/ /  /   ‾‾\ 
  /          \   |   (  |  (‾)  |
 / __________ \  |_|\_\  \_____/ 

time="2026-04-26T23:02:39+10:00" level=warning msg="\"env\" level configuration overrode scenarios configuration entirely"
     execution: local
        script: k6.js
        output: -

     scenarios: (100.00%) 1 scenario, 25 max VUs, 5m30s max duration (incl. graceful stop):
              * default: 25 looping VUs for 5m0s (gracefulStop: 30s)


running (0m01.0s), 25/25 VUs, 133 complete and 0 interrupted iterations
default   [   0% ] 25 VUs  0m01.0s/5m0s

running (0m02.0s), 25/25 VUs, 289 complete and 0 interrupted iterations
default   [   1% ] 25 VUs  0m02.0s/5m0s

running (0m03.0s), 25/25 VUs, 461 complete and 0 interrupted iterations
default   [   1% ] 25 VUs  0m03.0s/5m0s

running (0m04.0s), 25/25 VUs, 613 complete and 0 interrupted iterations
default   [   1% ] 25 VUs  0m04.0s/5m0s

running (0m05.0s), 25/25 VUs, 744 complete and 0 interrupted iterations
default   [   2% ] 25 VUs  0m05.0s/5m0s

running (0m06.0s), 25/25 VUs, 876 complete and 0 interrupted iterations
default   [   2% ] 25 VUs  0m06.0s/5m0s

running (0m07.0s), 25/25 VUs, 1061 complete and 0 interrupted iterations
default   [   2% ] 25 VUs  0m07.0s/5m0s

running (0m08.0s), 25/25 VUs, 1238 complete and 0 interrupted iterations
default   [   3% ] 25 VUs  0m08.0s/5m0s

running (0m09.0s), 25/25 VUs, 1398 complete and 0 interrupted iterations
default   [   3% ] 25 VUs  0m09.0s/5m0s

running (0m10.0s), 25/25 VUs, 1517 complete and 0 interrupted iterations
default   [   3% ] 25 VUs  0m10.0s/5m0s

running (0m11.0s), 25/25 VUs, 1629 complete and 0 interrupted iterations
default   [   4% ] 25 VUs  0m11.0s/5m0s

running (0m12.0s), 25/25 VUs, 1765 complete and 0 interrupted iterations
default   [   4% ] 25 VUs  0m12.0s/5m0s

running (0m13.0s), 25/25 VUs, 1897 complete and 0 interrupted iterations
default   [   4% ] 25 VUs  0m13.0s/5m0s

running (0m14.0s), 25/25 VUs, 2070 complete and 0 interrupted iterations
default   [   5% ] 25 VUs  0m14.0s/5m0s

running (0m15.0s), 25/25 VUs, 2192 complete and 0 interrupted iterations
default   [   5% ] 25 VUs  0m15.0s/5m0s

running (0m16.0s), 25/25 VUs, 2333 complete and 0 interrupted iterations
default   [   5% ] 25 VUs  0m16.0s/5m0s

running (0m17.0s), 25/25 VUs, 2460 complete and 0 interrupted iterations
default   [   6% ] 25 VUs  0m17.0s/5m0s

running (0m18.0s), 25/25 VUs, 2583 complete and 0 interrupted iterations
default   [   6% ] 25 VUs  0m18.0s/5m0s

running (0m19.0s), 25/25 VUs, 2722 complete and 0 interrupted iterations
default   [   6% ] 25 VUs  0m19.0s/5m0s

running (0m20.0s), 25/25 VUs, 2858 complete and 0 interrupted iterations
default   [   7% ] 25 VUs  0m20.0s/5m0s

running (0m21.0s), 25/25 VUs, 2986 complete and 0 interrupted iterations
default   [   7% ] 25 VUs  0m21.0s/5m0s

running (0m22.0s), 25/25 VUs, 3123 complete and 0 interrupted iterations
default   [   7% ] 25 VUs  0m22.0s/5m0s

running (0m23.0s), 25/25 VUs, 3259 complete and 0 interrupted iterations
default   [   8% ] 25 VUs  0m23.0s/5m0s

running (0m24.0s), 25/25 VUs, 3437 complete and 0 interrupted iterations
default   [   8% ] 25 VUs  0m24.0s/5m0s

running (0m25.0s), 25/25 VUs, 3593 complete and 0 interrupted iterations
default   [   8% ] 25 VUs  0m25.0s/5m0s

running (0m26.0s), 25/25 VUs, 3753 complete and 0 interrupted iterations
default   [   9% ] 25 VUs  0m26.0s/5m0s

running (0m27.0s), 25/25 VUs, 3876 complete and 0 interrupted iterations
default   [   9% ] 25 VUs  0m27.0s/5m0s

running (0m28.0s), 25/25 VUs, 3997 complete and 0 interrupted iterations
default   [   9% ] 25 VUs  0m28.0s/5m0s

running (0m29.0s), 25/25 VUs, 4131 complete and 0 interrupted iterations
default   [  10% ] 25 VUs  0m29.0s/5m0s

running (0m30.0s), 25/25 VUs, 4251 complete and 0 interrupted iterations
default   [  10% ] 25 VUs  0m30.0s/5m0s

running (0m31.0s), 25/25 VUs, 4382 complete and 0 interrupted iterations
default   [  10% ] 25 VUs  0m31.0s/5m0s

running (0m32.0s), 25/25 VUs, 4517 complete and 0 interrupted iterations
default   [  11% ] 25 VUs  0m32.0s/5m0s

running (0m33.0s), 25/25 VUs, 4673 complete and 0 interrupted iterations
default   [  11% ] 25 VUs  0m33.0s/5m0s

running (0m34.0s), 25/25 VUs, 4786 complete and 0 interrupted iterations
default   [  11% ] 25 VUs  0m34.0s/5m0s

running (0m35.0s), 25/25 VUs, 4799 complete and 0 interrupted iterations
default   [  12% ] 25 VUs  0m35.0s/5m0s

running (0m36.0s), 25/25 VUs, 4885 complete and 0 interrupted iterations
default   [  12% ] 25 VUs  0m36.0s/5m0s

running (0m37.0s), 25/25 VUs, 4963 complete and 0 interrupted iterations
default   [  12% ] 25 VUs  0m37.0s/5m0s

running (0m38.0s), 25/25 VUs, 5021 complete and 0 interrupted iterations
default   [  13% ] 25 VUs  0m38.0s/5m0s

running (0m39.0s), 25/25 VUs, 5080 complete and 0 interrupted iterations
default   [  13% ] 25 VUs  0m39.0s/5m0s

running (0m40.0s), 25/25 VUs, 5147 complete and 0 interrupted iterations
default   [  13% ] 25 VUs  0m40.0s/5m0s

running (0m41.0s), 25/25 VUs, 5227 complete and 0 interrupted iterations
default   [  14% ] 25 VUs  0m41.0s/5m0s

running (0m42.0s), 25/25 VUs, 5322 complete and 0 interrupted iterations
default   [  14% ] 25 VUs  0m42.0s/5m0s

running (0m43.0s), 25/25 VUs, 5384 complete and 0 interrupted iterations
default   [  14% ] 25 VUs  0m43.0s/5m0s

running (0m44.0s), 25/25 VUs, 5464 complete and 0 interrupted iterations
default   [  15% ] 25 VUs  0m44.0s/5m0s

running (0m45.0s), 25/25 VUs, 5517 complete and 0 interrupted iterations
default   [  15% ] 25 VUs  0m45.0s/5m0s

running (0m46.0s), 25/25 VUs, 5568 complete and 0 interrupted iterations
default   [  15% ] 25 VUs  0m46.0s/5m0s

running (0m47.0s), 25/25 VUs, 5627 complete and 0 interrupted iterations
default   [  16% ] 25 VUs  0m47.0s/5m0s

running (0m48.0s), 25/25 VUs, 5699 complete and 0 interrupted iterations
default   [  16% ] 25 VUs  0m48.0s/5m0s

running (0m49.0s), 25/25 VUs, 5793 complete and 0 interrupted iterations
default   [  16% ] 25 VUs  0m49.0s/5m0s

running (0m50.0s), 25/25 VUs, 5850 complete and 0 interrupted iterations
default   [  17% ] 25 VUs  0m50.0s/5m0s

running (0m51.0s), 25/25 VUs, 5927 complete and 0 interrupted iterations
default   [  17% ] 25 VUs  0m51.0s/5m0s

running (0m52.0s), 25/25 VUs, 6029 complete and 0 interrupted iterations
default   [  17% ] 25 VUs  0m52.0s/5m0s

running (0m53.0s), 25/25 VUs, 6116 complete and 0 interrupted iterations
default   [  18% ] 25 VUs  0m53.0s/5m0s

running (0m54.0s), 25/25 VUs, 6204 complete and 0 interrupted iterations
default   [  18% ] 25 VUs  0m54.0s/5m0s

running (0m55.0s), 25/25 VUs, 6264 complete and 0 interrupted iterations
default   [  18% ] 25 VUs  0m55.0s/5m0s

running (0m56.0s), 25/25 VUs, 6315 complete and 0 interrupted iterations
default   [  19% ] 25 VUs  0m56.0s/5m0s

running (0m57.0s), 25/25 VUs, 6391 complete and 0 interrupted iterations
default   [  19% ] 25 VUs  0m57.0s/5m0s

running (0m58.0s), 25/25 VUs, 6439 complete and 0 interrupted iterations
default   [  19% ] 25 VUs  0m58.0s/5m0s

running (0m59.0s), 25/25 VUs, 6500 complete and 0 interrupted iterations
default   [  20% ] 25 VUs  0m59.0s/5m0s

running (1m00.0s), 25/25 VUs, 6569 complete and 0 interrupted iterations
default   [  20% ] 25 VUs  1m00.0s/5m0s

running (1m01.0s), 25/25 VUs, 6633 complete and 0 interrupted iterations
default   [  20% ] 25 VUs  1m01.0s/5m0s

running (1m02.0s), 25/25 VUs, 6696 complete and 0 interrupted iterations
default   [  21% ] 25 VUs  1m02.0s/5m0s

running (1m03.0s), 25/25 VUs, 6762 complete and 0 interrupted iterations
default   [  21% ] 25 VUs  1m03.0s/5m0s

running (1m04.0s), 25/25 VUs, 6817 complete and 0 interrupted iterations
default   [  21% ] 25 VUs  1m04.0s/5m0s

running (1m05.0s), 25/25 VUs, 6909 complete and 0 interrupted iterations
default   [  22% ] 25 VUs  1m05.0s/5m0s

running (1m06.0s), 25/25 VUs, 7001 complete and 0 interrupted iterations
default   [  22% ] 25 VUs  1m06.0s/5m0s

running (1m07.0s), 25/25 VUs, 7071 complete and 0 interrupted iterations
default   [  22% ] 25 VUs  1m07.0s/5m0s

running (1m08.0s), 25/25 VUs, 7134 complete and 0 interrupted iterations
default   [  23% ] 25 VUs  1m08.0s/5m0s

running (1m09.0s), 25/25 VUs, 7197 complete and 0 interrupted iterations
default   [  23% ] 25 VUs  1m09.0s/5m0s

running (1m10.0s), 25/25 VUs, 7285 complete and 0 interrupted iterations
default   [  23% ] 25 VUs  1m10.0s/5m0s

running (1m11.0s), 25/25 VUs, 7350 complete and 0 interrupted iterations
default   [  24% ] 25 VUs  1m11.0s/5m0s

running (1m12.0s), 25/25 VUs, 7435 complete and 0 interrupted iterations
default   [  24% ] 25 VUs  1m12.0s/5m0s

running (1m13.0s), 25/25 VUs, 7506 complete and 0 interrupted iterations
default   [  24% ] 25 VUs  1m13.0s/5m0s

running (1m14.0s), 25/25 VUs, 7570 complete and 0 interrupted iterations
default   [  25% ] 25 VUs  1m14.0s/5m0s

running (1m15.0s), 25/25 VUs, 7624 complete and 0 interrupted iterations
default   [  25% ] 25 VUs  1m15.0s/5m0s

running (1m16.0s), 25/25 VUs, 7700 complete and 0 interrupted iterations
default   [  25% ] 25 VUs  1m16.0s/5m0s

running (1m17.0s), 25/25 VUs, 7767 complete and 0 interrupted iterations
default   [  26% ] 25 VUs  1m17.0s/5m0s

running (1m18.0s), 25/25 VUs, 7833 complete and 0 interrupted iterations
default   [  26% ] 25 VUs  1m18.0s/5m0s

running (1m19.0s), 25/25 VUs, 7897 complete and 0 interrupted iterations
default   [  26% ] 25 VUs  1m19.0s/5m0s

running (1m20.0s), 25/25 VUs, 7959 complete and 0 interrupted iterations
default   [  27% ] 25 VUs  1m20.0s/5m0s

running (1m21.0s), 25/25 VUs, 8034 complete and 0 interrupted iterations
default   [  27% ] 25 VUs  1m21.0s/5m0s

running (1m22.0s), 25/25 VUs, 8123 complete and 0 interrupted iterations
default   [  27% ] 25 VUs  1m22.0s/5m0s

running (1m23.0s), 25/25 VUs, 8179 complete and 0 interrupted iterations
default   [  28% ] 25 VUs  1m23.0s/5m0s

running (1m24.0s), 25/25 VUs, 8228 complete and 0 interrupted iterations
default   [  28% ] 25 VUs  1m24.0s/5m0s

running (1m25.0s), 25/25 VUs, 8309 complete and 0 interrupted iterations
default   [  28% ] 25 VUs  1m25.0s/5m0s

running (1m26.0s), 25/25 VUs, 8378 complete and 0 interrupted iterations
default   [  29% ] 25 VUs  1m26.0s/5m0s

running (1m27.0s), 25/25 VUs, 8441 complete and 0 interrupted iterations
default   [  29% ] 25 VUs  1m27.0s/5m0s

running (1m28.0s), 25/25 VUs, 8535 complete and 0 interrupted iterations
default   [  29% ] 25 VUs  1m28.0s/5m0s

running (1m29.0s), 25/25 VUs, 8630 complete and 0 interrupted iterations
default   [  30% ] 25 VUs  1m29.0s/5m0s

running (1m30.0s), 25/25 VUs, 8726 complete and 0 interrupted iterations
default   [  30% ] 25 VUs  1m30.0s/5m0s

running (1m31.0s), 25/25 VUs, 8798 complete and 0 interrupted iterations
default   [  30% ] 25 VUs  1m31.0s/5m0s

running (1m32.0s), 25/25 VUs, 8860 complete and 0 interrupted iterations
default   [  31% ] 25 VUs  1m32.0s/5m0s

running (1m33.0s), 25/25 VUs, 8920 complete and 0 interrupted iterations
default   [  31% ] 25 VUs  1m33.0s/5m0s

running (1m34.0s), 25/25 VUs, 8975 complete and 0 interrupted iterations
default   [  31% ] 25 VUs  1m34.0s/5m0s

running (1m35.0s), 25/25 VUs, 9041 complete and 0 interrupted iterations
default   [  32% ] 25 VUs  1m35.0s/5m0s

running (1m36.0s), 25/25 VUs, 9099 complete and 0 interrupted iterations
default   [  32% ] 25 VUs  1m36.0s/5m0s

running (1m37.0s), 25/25 VUs, 9161 complete and 0 interrupted iterations
default   [  32% ] 25 VUs  1m37.0s/5m0s

running (1m38.0s), 25/25 VUs, 9221 complete and 0 interrupted iterations
default   [  33% ] 25 VUs  1m38.0s/5m0s

running (1m39.0s), 25/25 VUs, 9278 complete and 0 interrupted iterations
default   [  33% ] 25 VUs  1m39.0s/5m0s

running (1m40.0s), 25/25 VUs, 9343 complete and 0 interrupted iterations
default   [  33% ] 25 VUs  1m40.0s/5m0s

running (1m41.0s), 25/25 VUs, 9413 complete and 0 interrupted iterations
default   [  34% ] 25 VUs  1m41.0s/5m0s

running (1m42.0s), 25/25 VUs, 9491 complete and 0 interrupted iterations
default   [  34% ] 25 VUs  1m42.0s/5m0s

running (1m43.0s), 25/25 VUs, 9572 complete and 0 interrupted iterations
default   [  34% ] 25 VUs  1m43.0s/5m0s

running (1m44.0s), 25/25 VUs, 9661 complete and 0 interrupted iterations
default   [  35% ] 25 VUs  1m44.0s/5m0s

running (1m45.0s), 25/25 VUs, 9788 complete and 0 interrupted iterations
default   [  35% ] 25 VUs  1m45.0s/5m0s

running (1m46.0s), 25/25 VUs, 9855 complete and 0 interrupted iterations
default   [  35% ] 25 VUs  1m46.0s/5m0s

running (1m47.0s), 25/25 VUs, 9929 complete and 0 interrupted iterations
default   [  36% ] 25 VUs  1m47.0s/5m0s

running (1m48.0s), 25/25 VUs, 9995 complete and 0 interrupted iterations
default   [  36% ] 25 VUs  1m48.0s/5m0s

running (1m49.0s), 25/25 VUs, 10091 complete and 0 interrupted iterations
default   [  36% ] 25 VUs  1m49.0s/5m0s

running (1m50.0s), 25/25 VUs, 10155 complete and 0 interrupted iterations
default   [  37% ] 25 VUs  1m50.0s/5m0s

running (1m51.0s), 25/25 VUs, 10237 complete and 0 interrupted iterations
default   [  37% ] 25 VUs  1m51.0s/5m0s

running (1m52.0s), 25/25 VUs, 10291 complete and 0 interrupted iterations
default   [  37% ] 25 VUs  1m52.0s/5m0s

running (1m53.0s), 25/25 VUs, 10345 complete and 0 interrupted iterations
default   [  38% ] 25 VUs  1m53.0s/5m0s

running (1m54.0s), 25/25 VUs, 10401 complete and 0 interrupted iterations
default   [  38% ] 25 VUs  1m54.0s/5m0s

running (1m55.0s), 25/25 VUs, 10463 complete and 0 interrupted iterations
default   [  38% ] 25 VUs  1m55.0s/5m0s

running (1m56.0s), 25/25 VUs, 10508 complete and 0 interrupted iterations
default   [  39% ] 25 VUs  1m56.0s/5m0s

running (1m57.0s), 25/25 VUs, 10565 complete and 0 interrupted iterations
default   [  39% ] 25 VUs  1m57.0s/5m0s

running (1m58.0s), 25/25 VUs, 10619 complete and 0 interrupted iterations
default   [  39% ] 25 VUs  1m58.0s/5m0s

running (1m59.0s), 25/25 VUs, 10657 complete and 0 interrupted iterations
default   [  40% ] 25 VUs  1m59.0s/5m0s

running (2m00.0s), 25/25 VUs, 10737 complete and 0 interrupted iterations
default   [  40% ] 25 VUs  2m00.0s/5m0s

running (2m01.0s), 25/25 VUs, 10808 complete and 0 interrupted iterations
default   [  40% ] 25 VUs  2m01.0s/5m0s

running (2m02.0s), 25/25 VUs, 10851 complete and 0 interrupted iterations
default   [  41% ] 25 VUs  2m02.0s/5m0s

running (2m03.0s), 25/25 VUs, 10902 complete and 0 interrupted iterations
default   [  41% ] 25 VUs  2m03.0s/5m0s

running (2m04.0s), 25/25 VUs, 10960 complete and 0 interrupted iterations
default   [  41% ] 25 VUs  2m04.0s/5m0s

running (2m05.0s), 25/25 VUs, 11036 complete and 0 interrupted iterations
default   [  42% ] 25 VUs  2m05.0s/5m0s

running (2m06.0s), 25/25 VUs, 11090 complete and 0 interrupted iterations
default   [  42% ] 25 VUs  2m06.0s/5m0s

running (2m07.0s), 25/25 VUs, 11175 complete and 0 interrupted iterations
default   [  42% ] 25 VUs  2m07.0s/5m0s

running (2m08.0s), 25/25 VUs, 11230 complete and 0 interrupted iterations
default   [  43% ] 25 VUs  2m08.0s/5m0s

running (2m09.0s), 25/25 VUs, 11283 complete and 0 interrupted iterations
default   [  43% ] 25 VUs  2m09.0s/5m0s

running (2m10.0s), 25/25 VUs, 11357 complete and 0 interrupted iterations
default   [  43% ] 25 VUs  2m10.0s/5m0s

running (2m11.0s), 25/25 VUs, 11433 complete and 0 interrupted iterations
default   [  44% ] 25 VUs  2m11.0s/5m0s

running (2m12.0s), 25/25 VUs, 11508 complete and 0 interrupted iterations
default   [  44% ] 25 VUs  2m12.0s/5m0s

running (2m13.0s), 25/25 VUs, 11594 complete and 0 interrupted iterations
default   [  44% ] 25 VUs  2m13.0s/5m0s

running (2m14.0s), 25/25 VUs, 11651 complete and 0 interrupted iterations
default   [  45% ] 25 VUs  2m14.0s/5m0s

running (2m15.0s), 25/25 VUs, 11708 complete and 0 interrupted iterations
default   [  45% ] 25 VUs  2m15.0s/5m0s

running (2m16.0s), 25/25 VUs, 11768 complete and 0 interrupted iterations
default   [  45% ] 25 VUs  2m16.0s/5m0s

running (2m17.0s), 25/25 VUs, 11827 complete and 0 interrupted iterations
default   [  46% ] 25 VUs  2m17.0s/5m0s

running (2m18.0s), 25/25 VUs, 11894 complete and 0 interrupted iterations
default   [  46% ] 25 VUs  2m18.0s/5m0s

running (2m19.0s), 25/25 VUs, 11957 complete and 0 interrupted iterations
default   [  46% ] 25 VUs  2m19.0s/5m0s

running (2m20.0s), 25/25 VUs, 12031 complete and 0 interrupted iterations
default   [  47% ] 25 VUs  2m20.0s/5m0s

running (2m21.0s), 25/25 VUs, 12106 complete and 0 interrupted iterations
default   [  47% ] 25 VUs  2m21.0s/5m0s

running (2m22.0s), 25/25 VUs, 12191 complete and 0 interrupted iterations
default   [  47% ] 25 VUs  2m22.0s/5m0s

running (2m23.0s), 25/25 VUs, 12266 complete and 0 interrupted iterations
default   [  48% ] 25 VUs  2m23.0s/5m0s

running (2m24.0s), 25/25 VUs, 12336 complete and 0 interrupted iterations
default   [  48% ] 25 VUs  2m24.0s/5m0s

running (2m25.0s), 25/25 VUs, 12427 complete and 0 interrupted iterations
default   [  48% ] 25 VUs  2m25.0s/5m0s

running (2m26.0s), 25/25 VUs, 12494 complete and 0 interrupted iterations
default   [  49% ] 25 VUs  2m26.0s/5m0s

running (2m27.0s), 25/25 VUs, 12584 complete and 0 interrupted iterations
default   [  49% ] 25 VUs  2m27.0s/5m0s

running (2m28.0s), 25/25 VUs, 12656 complete and 0 interrupted iterations
default   [  49% ] 25 VUs  2m28.0s/5m0s

running (2m29.0s), 25/25 VUs, 12733 complete and 0 interrupted iterations
default   [  50% ] 25 VUs  2m29.0s/5m0s

running (2m30.0s), 25/25 VUs, 12776 complete and 0 interrupted iterations
default   [  50% ] 25 VUs  2m30.0s/5m0s

running (2m31.0s), 25/25 VUs, 12853 complete and 0 interrupted iterations
default   [  50% ] 25 VUs  2m31.0s/5m0s

running (2m32.0s), 25/25 VUs, 12918 complete and 0 interrupted iterations
default   [  51% ] 25 VUs  2m32.0s/5m0s

running (2m33.0s), 25/25 VUs, 12972 complete and 0 interrupted iterations
default   [  51% ] 25 VUs  2m33.0s/5m0s

running (2m34.0s), 25/25 VUs, 13040 complete and 0 interrupted iterations
default   [  51% ] 25 VUs  2m34.0s/5m0s

running (2m35.0s), 25/25 VUs, 13103 complete and 0 interrupted iterations
default   [  52% ] 25 VUs  2m35.0s/5m0s

running (2m36.0s), 25/25 VUs, 13173 complete and 0 interrupted iterations
default   [  52% ] 25 VUs  2m36.0s/5m0s

running (2m37.0s), 25/25 VUs, 13227 complete and 0 interrupted iterations
default   [  52% ] 25 VUs  2m37.0s/5m0s

running (2m38.0s), 25/25 VUs, 13303 complete and 0 interrupted iterations
default   [  53% ] 25 VUs  2m38.0s/5m0s

running (2m39.0s), 25/25 VUs, 13352 complete and 0 interrupted iterations
default   [  53% ] 25 VUs  2m39.0s/5m0s

running (2m40.0s), 25/25 VUs, 13416 complete and 0 interrupted iterations
default   [  53% ] 25 VUs  2m40.0s/5m0s

running (2m41.0s), 25/25 VUs, 13501 complete and 0 interrupted iterations
default   [  54% ] 25 VUs  2m41.0s/5m0s

running (2m42.0s), 25/25 VUs, 13561 complete and 0 interrupted iterations
default   [  54% ] 25 VUs  2m42.0s/5m0s

running (2m43.0s), 25/25 VUs, 13660 complete and 0 interrupted iterations
default   [  54% ] 25 VUs  2m43.0s/5m0s

running (2m44.0s), 25/25 VUs, 13713 complete and 0 interrupted iterations
default   [  55% ] 25 VUs  2m44.0s/5m0s

running (2m45.0s), 25/25 VUs, 13779 complete and 0 interrupted iterations
default   [  55% ] 25 VUs  2m45.0s/5m0s

running (2m46.0s), 25/25 VUs, 13854 complete and 0 interrupted iterations
default   [  55% ] 25 VUs  2m46.0s/5m0s

running (2m47.0s), 25/25 VUs, 13933 complete and 0 interrupted iterations
default   [  56% ] 25 VUs  2m47.0s/5m0s

running (2m48.0s), 25/25 VUs, 14004 complete and 0 interrupted iterations
default   [  56% ] 25 VUs  2m48.0s/5m0s

running (2m49.0s), 25/25 VUs, 14089 complete and 0 interrupted iterations
default   [  56% ] 25 VUs  2m49.0s/5m0s

running (2m50.0s), 25/25 VUs, 14163 complete and 0 interrupted iterations
default   [  57% ] 25 VUs  2m50.0s/5m0s

running (2m51.0s), 25/25 VUs, 14250 complete and 0 interrupted iterations
default   [  57% ] 25 VUs  2m51.0s/5m0s

running (2m52.0s), 25/25 VUs, 14339 complete and 0 interrupted iterations
default   [  57% ] 25 VUs  2m52.0s/5m0s

running (2m53.0s), 25/25 VUs, 14409 complete and 0 interrupted iterations
default   [  58% ] 25 VUs  2m53.0s/5m0s

running (2m54.0s), 25/25 VUs, 14493 complete and 0 interrupted iterations
default   [  58% ] 25 VUs  2m54.0s/5m0s

running (2m55.0s), 25/25 VUs, 14562 complete and 0 interrupted iterations
default   [  58% ] 25 VUs  2m55.0s/5m0s

running (2m56.0s), 25/25 VUs, 14645 complete and 0 interrupted iterations
default   [  59% ] 25 VUs  2m56.0s/5m0s

running (2m57.0s), 25/25 VUs, 14737 complete and 0 interrupted iterations
default   [  59% ] 25 VUs  2m57.0s/5m0s

running (2m58.0s), 25/25 VUs, 14794 complete and 0 interrupted iterations
default   [  59% ] 25 VUs  2m58.0s/5m0s

running (2m59.0s), 25/25 VUs, 14855 complete and 0 interrupted iterations
default   [  60% ] 25 VUs  2m59.0s/5m0s

running (3m00.0s), 25/25 VUs, 14914 complete and 0 interrupted iterations
default   [  60% ] 25 VUs  3m00.0s/5m0s

running (3m01.0s), 25/25 VUs, 14996 complete and 0 interrupted iterations
default   [  60% ] 25 VUs  3m01.0s/5m0s

running (3m02.0s), 25/25 VUs, 15058 complete and 0 interrupted iterations
default   [  61% ] 25 VUs  3m02.0s/5m0s

running (3m03.0s), 25/25 VUs, 15107 complete and 0 interrupted iterations
default   [  61% ] 25 VUs  3m03.0s/5m0s

running (3m04.0s), 25/25 VUs, 15185 complete and 0 interrupted iterations
default   [  61% ] 25 VUs  3m04.0s/5m0s

running (3m05.0s), 25/25 VUs, 15277 complete and 0 interrupted iterations
default   [  62% ] 25 VUs  3m05.0s/5m0s

running (3m06.0s), 25/25 VUs, 15378 complete and 0 interrupted iterations
default   [  62% ] 25 VUs  3m06.0s/5m0s

running (3m07.0s), 25/25 VUs, 15456 complete and 0 interrupted iterations
default   [  62% ] 25 VUs  3m07.0s/5m0s

running (3m08.0s), 25/25 VUs, 15512 complete and 0 interrupted iterations
default   [  63% ] 25 VUs  3m08.0s/5m0s

running (3m09.0s), 25/25 VUs, 15567 complete and 0 interrupted iterations
default   [  63% ] 25 VUs  3m09.0s/5m0s

running (3m10.0s), 25/25 VUs, 15632 complete and 0 interrupted iterations
default   [  63% ] 25 VUs  3m10.0s/5m0s

running (3m11.0s), 25/25 VUs, 15711 complete and 0 interrupted iterations
default   [  64% ] 25 VUs  3m11.0s/5m0s

running (3m12.0s), 25/25 VUs, 15778 complete and 0 interrupted iterations
default   [  64% ] 25 VUs  3m12.0s/5m0s

running (3m13.0s), 25/25 VUs, 15849 complete and 0 interrupted iterations
default   [  64% ] 25 VUs  3m13.0s/5m0s

running (3m14.0s), 25/25 VUs, 15910 complete and 0 interrupted iterations
default   [  65% ] 25 VUs  3m14.0s/5m0s

running (3m15.0s), 25/25 VUs, 15966 complete and 0 interrupted iterations
default   [  65% ] 25 VUs  3m15.0s/5m0s

running (3m16.0s), 25/25 VUs, 16034 complete and 0 interrupted iterations
default   [  65% ] 25 VUs  3m16.0s/5m0s

running (3m17.0s), 25/25 VUs, 16092 complete and 0 interrupted iterations
default   [  66% ] 25 VUs  3m17.0s/5m0s

running (3m18.0s), 25/25 VUs, 16169 complete and 0 interrupted iterations
default   [  66% ] 25 VUs  3m18.0s/5m0s

running (3m19.0s), 25/25 VUs, 16250 complete and 0 interrupted iterations
default   [  66% ] 25 VUs  3m19.0s/5m0s

running (3m20.0s), 25/25 VUs, 16326 complete and 0 interrupted iterations
default   [  67% ] 25 VUs  3m20.0s/5m0s

running (3m21.0s), 25/25 VUs, 16393 complete and 0 interrupted iterations
default   [  67% ] 25 VUs  3m21.0s/5m0s

running (3m22.0s), 25/25 VUs, 16490 complete and 0 interrupted iterations
default   [  67% ] 25 VUs  3m22.0s/5m0s

running (3m23.0s), 25/25 VUs, 16568 complete and 0 interrupted iterations
default   [  68% ] 25 VUs  3m23.0s/5m0s

running (3m24.0s), 25/25 VUs, 16647 complete and 0 interrupted iterations
default   [  68% ] 25 VUs  3m24.0s/5m0s

running (3m25.0s), 25/25 VUs, 16744 complete and 0 interrupted iterations
default   [  68% ] 25 VUs  3m25.0s/5m0s

running (3m26.0s), 25/25 VUs, 16813 complete and 0 interrupted iterations
default   [  69% ] 25 VUs  3m26.0s/5m0s

running (3m27.0s), 25/25 VUs, 16915 complete and 0 interrupted iterations
default   [  69% ] 25 VUs  3m27.0s/5m0s

running (3m28.0s), 25/25 VUs, 16980 complete and 0 interrupted iterations
default   [  69% ] 25 VUs  3m28.0s/5m0s

running (3m29.0s), 25/25 VUs, 17054 complete and 0 interrupted iterations
default   [  70% ] 25 VUs  3m29.0s/5m0s

running (3m30.0s), 25/25 VUs, 17116 complete and 0 interrupted iterations
default   [  70% ] 25 VUs  3m30.0s/5m0s

running (3m31.0s), 25/25 VUs, 17206 complete and 0 interrupted iterations
default   [  70% ] 25 VUs  3m31.0s/5m0s

running (3m32.0s), 25/25 VUs, 17270 complete and 0 interrupted iterations
default   [  71% ] 25 VUs  3m32.0s/5m0s

running (3m33.0s), 25/25 VUs, 17327 complete and 0 interrupted iterations
default   [  71% ] 25 VUs  3m33.0s/5m0s

running (3m34.0s), 25/25 VUs, 17388 complete and 0 interrupted iterations
default   [  71% ] 25 VUs  3m34.0s/5m0s

running (3m35.0s), 25/25 VUs, 17448 complete and 0 interrupted iterations
default   [  72% ] 25 VUs  3m35.0s/5m0s

running (3m36.0s), 25/25 VUs, 17507 complete and 0 interrupted iterations
default   [  72% ] 25 VUs  3m36.0s/5m0s

running (3m37.0s), 25/25 VUs, 17581 complete and 0 interrupted iterations
default   [  72% ] 25 VUs  3m37.0s/5m0s

running (3m38.0s), 25/25 VUs, 17656 complete and 0 interrupted iterations
default   [  73% ] 25 VUs  3m38.0s/5m0s

running (3m39.0s), 25/25 VUs, 17715 complete and 0 interrupted iterations
default   [  73% ] 25 VUs  3m39.0s/5m0s

running (3m40.0s), 25/25 VUs, 17792 complete and 0 interrupted iterations
default   [  73% ] 25 VUs  3m40.0s/5m0s

running (3m41.0s), 25/25 VUs, 17839 complete and 0 interrupted iterations
default   [  74% ] 25 VUs  3m41.0s/5m0s

running (3m42.0s), 25/25 VUs, 17894 complete and 0 interrupted iterations
default   [  74% ] 25 VUs  3m42.0s/5m0s

running (3m43.0s), 25/25 VUs, 17957 complete and 0 interrupted iterations
default   [  74% ] 25 VUs  3m43.0s/5m0s

running (3m44.0s), 25/25 VUs, 18027 complete and 0 interrupted iterations
default   [  75% ] 25 VUs  3m44.0s/5m0s

running (3m45.0s), 25/25 VUs, 18097 complete and 0 interrupted iterations
default   [  75% ] 25 VUs  3m45.0s/5m0s

running (3m46.0s), 25/25 VUs, 18192 complete and 0 interrupted iterations
default   [  75% ] 25 VUs  3m46.0s/5m0s

running (3m47.0s), 25/25 VUs, 18273 complete and 0 interrupted iterations
default   [  76% ] 25 VUs  3m47.0s/5m0s

running (3m48.0s), 25/25 VUs, 18336 complete and 0 interrupted iterations
default   [  76% ] 25 VUs  3m48.0s/5m0s

running (3m49.0s), 25/25 VUs, 18394 complete and 0 interrupted iterations
default   [  76% ] 25 VUs  3m49.0s/5m0s

running (3m50.0s), 25/25 VUs, 18467 complete and 0 interrupted iterations
default   [  77% ] 25 VUs  3m50.0s/5m0s

running (3m51.0s), 25/25 VUs, 18539 complete and 0 interrupted iterations
default   [  77% ] 25 VUs  3m51.0s/5m0s

running (3m52.0s), 25/25 VUs, 18629 complete and 0 interrupted iterations
default   [  77% ] 25 VUs  3m52.0s/5m0s

running (3m53.0s), 25/25 VUs, 18729 complete and 0 interrupted iterations
default   [  78% ] 25 VUs  3m53.0s/5m0s

running (3m54.0s), 25/25 VUs, 18791 complete and 0 interrupted iterations
default   [  78% ] 25 VUs  3m54.0s/5m0s

running (3m55.0s), 25/25 VUs, 18844 complete and 0 interrupted iterations
default   [  78% ] 25 VUs  3m55.0s/5m0s

running (3m56.0s), 25/25 VUs, 18916 complete and 0 interrupted iterations
default   [  79% ] 25 VUs  3m56.0s/5m0s

running (3m57.0s), 25/25 VUs, 18984 complete and 0 interrupted iterations
default   [  79% ] 25 VUs  3m57.0s/5m0s

running (3m58.0s), 25/25 VUs, 19041 complete and 0 interrupted iterations
default   [  79% ] 25 VUs  3m58.0s/5m0s

running (3m59.0s), 25/25 VUs, 19107 complete and 0 interrupted iterations
default   [  80% ] 25 VUs  3m59.0s/5m0s

running (4m00.0s), 25/25 VUs, 19186 complete and 0 interrupted iterations
default   [  80% ] 25 VUs  4m00.0s/5m0s

running (4m01.0s), 25/25 VUs, 19245 complete and 0 interrupted iterations
default   [  80% ] 25 VUs  4m01.0s/5m0s

running (4m02.0s), 25/25 VUs, 19307 complete and 0 interrupted iterations
default   [  81% ] 25 VUs  4m02.0s/5m0s

running (4m03.0s), 25/25 VUs, 19368 complete and 0 interrupted iterations
default   [  81% ] 25 VUs  4m03.0s/5m0s

running (4m04.0s), 25/25 VUs, 19443 complete and 0 interrupted iterations
default   [  81% ] 25 VUs  4m04.0s/5m0s

running (4m05.0s), 25/25 VUs, 19513 complete and 0 interrupted iterations
default   [  82% ] 25 VUs  4m05.0s/5m0s

running (4m06.0s), 25/25 VUs, 19596 complete and 0 interrupted iterations
default   [  82% ] 25 VUs  4m06.0s/5m0s

running (4m07.0s), 25/25 VUs, 19666 complete and 0 interrupted iterations
default   [  82% ] 25 VUs  4m07.0s/5m0s

running (4m08.0s), 25/25 VUs, 19724 complete and 0 interrupted iterations
default   [  83% ] 25 VUs  4m08.0s/5m0s

running (4m09.0s), 25/25 VUs, 19775 complete and 0 interrupted iterations
default   [  83% ] 25 VUs  4m09.0s/5m0s

running (4m10.0s), 25/25 VUs, 19847 complete and 0 interrupted iterations
default   [  83% ] 25 VUs  4m10.0s/5m0s

running (4m11.0s), 25/25 VUs, 19902 complete and 0 interrupted iterations
default   [  84% ] 25 VUs  4m11.0s/5m0s

running (4m12.0s), 25/25 VUs, 19987 complete and 0 interrupted iterations
default   [  84% ] 25 VUs  4m12.0s/5m0s

running (4m13.0s), 25/25 VUs, 20055 complete and 0 interrupted iterations
default   [  84% ] 25 VUs  4m13.0s/5m0s

running (4m14.0s), 25/25 VUs, 20129 complete and 0 interrupted iterations
default   [  85% ] 25 VUs  4m14.0s/5m0s

running (4m15.0s), 25/25 VUs, 20211 complete and 0 interrupted iterations
default   [  85% ] 25 VUs  4m15.0s/5m0s

running (4m16.0s), 25/25 VUs, 20282 complete and 0 interrupted iterations
default   [  85% ] 25 VUs  4m16.0s/5m0s

running (4m17.0s), 25/25 VUs, 20355 complete and 0 interrupted iterations
default   [  86% ] 25 VUs  4m17.0s/5m0s

running (4m18.0s), 25/25 VUs, 20425 complete and 0 interrupted iterations
default   [  86% ] 25 VUs  4m18.0s/5m0s

running (4m19.0s), 25/25 VUs, 20522 complete and 0 interrupted iterations
default   [  86% ] 25 VUs  4m19.0s/5m0s

running (4m20.0s), 25/25 VUs, 20582 complete and 0 interrupted iterations
default   [  87% ] 25 VUs  4m20.0s/5m0s

running (4m21.0s), 25/25 VUs, 20635 complete and 0 interrupted iterations
default   [  87% ] 25 VUs  4m21.0s/5m0s

running (4m22.0s), 25/25 VUs, 20707 complete and 0 interrupted iterations
default   [  87% ] 25 VUs  4m22.0s/5m0s

running (4m23.0s), 25/25 VUs, 20765 complete and 0 interrupted iterations
default   [  88% ] 25 VUs  4m23.0s/5m0s

running (4m24.0s), 25/25 VUs, 20821 complete and 0 interrupted iterations
default   [  88% ] 25 VUs  4m24.0s/5m0s

running (4m25.0s), 25/25 VUs, 20912 complete and 0 interrupted iterations
default   [  88% ] 25 VUs  4m25.0s/5m0s

running (4m26.0s), 25/25 VUs, 20987 complete and 0 interrupted iterations
default   [  89% ] 25 VUs  4m26.0s/5m0s

running (4m27.0s), 25/25 VUs, 21058 complete and 0 interrupted iterations
default   [  89% ] 25 VUs  4m27.0s/5m0s

running (4m28.0s), 25/25 VUs, 21118 complete and 0 interrupted iterations
default   [  89% ] 25 VUs  4m28.0s/5m0s

running (4m29.0s), 25/25 VUs, 21177 complete and 0 interrupted iterations
default   [  90% ] 25 VUs  4m29.0s/5m0s

running (4m30.0s), 25/25 VUs, 21228 complete and 0 interrupted iterations
default   [  90% ] 25 VUs  4m30.0s/5m0s

running (4m31.0s), 25/25 VUs, 21320 complete and 0 interrupted iterations
default   [  90% ] 25 VUs  4m31.0s/5m0s

running (4m32.0s), 25/25 VUs, 21378 complete and 0 interrupted iterations
default   [  91% ] 25 VUs  4m32.0s/5m0s

running (4m33.0s), 25/25 VUs, 21432 complete and 0 interrupted iterations
default   [  91% ] 25 VUs  4m33.0s/5m0s

running (4m34.0s), 25/25 VUs, 21493 complete and 0 interrupted iterations
default   [  91% ] 25 VUs  4m34.0s/5m0s

running (4m35.0s), 25/25 VUs, 21575 complete and 0 interrupted iterations
default   [  92% ] 25 VUs  4m35.0s/5m0s

running (4m36.0s), 25/25 VUs, 21631 complete and 0 interrupted iterations
default   [  92% ] 25 VUs  4m36.0s/5m0s

running (4m37.0s), 25/25 VUs, 21713 complete and 0 interrupted iterations
default   [  92% ] 25 VUs  4m37.0s/5m0s

running (4m38.0s), 25/25 VUs, 21792 complete and 0 interrupted iterations
default   [  93% ] 25 VUs  4m38.0s/5m0s

running (4m39.0s), 25/25 VUs, 21853 complete and 0 interrupted iterations
default   [  93% ] 25 VUs  4m39.0s/5m0s

running (4m40.0s), 25/25 VUs, 21923 complete and 0 interrupted iterations
default   [  93% ] 25 VUs  4m40.0s/5m0s

running (4m41.0s), 25/25 VUs, 21990 complete and 0 interrupted iterations
default   [  94% ] 25 VUs  4m41.0s/5m0s

running (4m42.0s), 25/25 VUs, 22080 complete and 0 interrupted iterations
default   [  94% ] 25 VUs  4m42.0s/5m0s

running (4m43.0s), 25/25 VUs, 22131 complete and 0 interrupted iterations
default   [  94% ] 25 VUs  4m43.0s/5m0s

running (4m44.0s), 25/25 VUs, 22212 complete and 0 interrupted iterations
default   [  95% ] 25 VUs  4m44.0s/5m0s

running (4m45.0s), 25/25 VUs, 22285 complete and 0 interrupted iterations
default   [  95% ] 25 VUs  4m45.0s/5m0s

running (4m46.0s), 25/25 VUs, 22351 complete and 0 interrupted iterations
default   [  95% ] 25 VUs  4m46.0s/5m0s

running (4m47.0s), 25/25 VUs, 22423 complete and 0 interrupted iterations
default   [  96% ] 25 VUs  4m47.0s/5m0s

running (4m48.0s), 25/25 VUs, 22505 complete and 0 interrupted iterations
default   [  96% ] 25 VUs  4m48.0s/5m0s

running (4m49.0s), 25/25 VUs, 22585 complete and 0 interrupted iterations
default   [  96% ] 25 VUs  4m49.0s/5m0s

running (4m50.0s), 25/25 VUs, 22647 complete and 0 interrupted iterations
default   [  97% ] 25 VUs  4m50.0s/5m0s

running (4m51.0s), 25/25 VUs, 22710 complete and 0 interrupted iterations
default   [  97% ] 25 VUs  4m51.0s/5m0s

running (4m52.0s), 25/25 VUs, 22789 complete and 0 interrupted iterations
default   [  97% ] 25 VUs  4m52.0s/5m0s

running (4m53.0s), 25/25 VUs, 22859 complete and 0 interrupted iterations
default   [  98% ] 25 VUs  4m53.0s/5m0s

running (4m54.0s), 25/25 VUs, 22926 complete and 0 interrupted iterations
default   [  98% ] 25 VUs  4m54.0s/5m0s

running (4m55.0s), 25/25 VUs, 23009 complete and 0 interrupted iterations
default   [  98% ] 25 VUs  4m55.0s/5m0s

running (4m56.0s), 25/25 VUs, 23102 complete and 0 interrupted iterations
default   [  99% ] 25 VUs  4m56.0s/5m0s

running (4m57.0s), 25/25 VUs, 23165 complete and 0 interrupted iterations
default   [  99% ] 25 VUs  4m57.0s/5m0s

running (4m58.0s), 25/25 VUs, 23228 complete and 0 interrupted iterations
default   [  99% ] 25 VUs  4m58.0s/5m0s

running (4m59.0s), 25/25 VUs, 23300 complete and 0 interrupted iterations
default   [ 100% ] 25 VUs  4m59.0s/5m0s

running (5m00.0s), 25/25 VUs, 23362 complete and 0 interrupted iterations
default   [ 100% ] 25 VUs  5m00.0s/5m0s


  █ THRESHOLDS 

    http_req_duration
    ✓ 'p(95)<750' p(95)=632.89ms
    ✓ 'p(99)<1500' p(99)=1.01s

    http_req_failed
    ✓ 'rate<0.01' rate=0.00%

    search_checks
    ✓ 'rate>0.99' rate=100.00%


  █ TOTAL RESULTS 

    checks_total.......................: 116940  389.032821/s
    checks_succeeded...................: 100.00% 116940 out of 116940
    checks_failed......................: 0.00%   0 out of 116940

    ✓ status is 200
    ✓ response is json
    ✓ docs is an array
    ✓ meta is an array
    ✓ stats has java timing when present

    CUSTOM
    search_checks...........................................................: 100.00% 23388 out of 23388
    search_docs_returned....................................................: avg=9.962117   min=3        med=10       max=10          p(90)=10        p(95)=10        
    search_http_time_ms.....................................................: avg=320.132746 min=51.674   med=268.458  max=6834.224    p(90)=510.4038  p(95)=632.892   
    search_java_non_mongo_time_ms...........................................: avg=10.154399  min=4.943917 med=9.194605 max=212.415834  p(90)=13.871816 p(95)=16.155213 
    search_mongodb_time_ms..................................................: avg=117.266252 min=7.957417 med=45.04    max=6599.568375 p(90)=271.23365 p(95)=385.335639
    search_requests.........................................................: 23388   77.806564/s

    HTTP
    http_req_duration.......................................................: avg=320.13ms   min=51.67ms  med=268.45ms max=6.83s       p(90)=510.4ms   p(95)=632.89ms  
      { expected_response:true }............................................: avg=320.13ms   min=51.67ms  med=268.45ms max=6.83s       p(90)=510.4ms   p(95)=632.89ms  
    http_req_failed.........................................................: 0.00%   0 out of 23388
    http_reqs...............................................................: 23388   77.806564/s

    EXECUTION
    iteration_duration......................................................: avg=320.84ms   min=52.78ms  med=268.85ms max=6.83s       p(90)=511.39ms  p(95)=633.76ms  
    iterations..............................................................: 23388   77.806564/s
    vus.....................................................................: 25      min=25             max=25
    vus_max.................................................................: 25      min=25             max=25

    NETWORK
    data_received...........................................................: 1.1 GB  3.8 MB/s
    data_sent...............................................................: 4.7 MB  16 kB/s




running (5m00.6s), 00/25 VUs, 23388 complete and 0 interrupted iterations
default ✓ [ 100% ] 25 VUs  5m0s
