
         /\      Grafana   /‾‾/  
    /\  /  \     |\  __   /  /   
   /  \/    \    | |/ /  /   ‾‾\ 
  /          \   |   (  |  (‾)  |
 / __________ \  |_|\_\  \_____/ 

time="2026-04-26T22:57:31+10:00" level=warning msg="\"env\" level configuration overrode scenarios configuration entirely"
     execution: local
        script: k6.js
        output: -

     scenarios: (100.00%) 1 scenario, 25 max VUs, 5m30s max duration (incl. graceful stop):
              * default: 25 looping VUs for 5m0s (gracefulStop: 30s)


running (0m01.0s), 25/25 VUs, 9 complete and 0 interrupted iterations
default   [   0% ] 25 VUs  0m01.0s/5m0s

running (0m02.0s), 25/25 VUs, 314 complete and 0 interrupted iterations
default   [   1% ] 25 VUs  0m02.0s/5m0s

running (0m03.0s), 25/25 VUs, 678 complete and 0 interrupted iterations
default   [   1% ] 25 VUs  0m03.0s/5m0s

running (0m04.0s), 25/25 VUs, 1057 complete and 0 interrupted iterations
default   [   1% ] 25 VUs  0m04.0s/5m0s

running (0m05.0s), 25/25 VUs, 1395 complete and 0 interrupted iterations
default   [   2% ] 25 VUs  0m05.0s/5m0s

running (0m06.0s), 25/25 VUs, 1538 complete and 0 interrupted iterations
default   [   2% ] 25 VUs  0m06.0s/5m0s

running (0m07.0s), 25/25 VUs, 1664 complete and 0 interrupted iterations
default   [   2% ] 25 VUs  0m07.0s/5m0s

running (0m08.0s), 25/25 VUs, 1781 complete and 0 interrupted iterations
default   [   3% ] 25 VUs  0m08.0s/5m0s

running (0m09.0s), 25/25 VUs, 1940 complete and 0 interrupted iterations
default   [   3% ] 25 VUs  0m09.0s/5m0s

running (0m10.0s), 25/25 VUs, 2125 complete and 0 interrupted iterations
default   [   3% ] 25 VUs  0m10.0s/5m0s

running (0m11.0s), 25/25 VUs, 2294 complete and 0 interrupted iterations
default   [   4% ] 25 VUs  0m11.0s/5m0s

running (0m12.0s), 25/25 VUs, 2488 complete and 0 interrupted iterations
default   [   4% ] 25 VUs  0m12.0s/5m0s

running (0m13.0s), 25/25 VUs, 2679 complete and 0 interrupted iterations
default   [   4% ] 25 VUs  0m13.0s/5m0s

running (0m14.0s), 25/25 VUs, 2859 complete and 0 interrupted iterations
default   [   5% ] 25 VUs  0m14.0s/5m0s

running (0m15.0s), 25/25 VUs, 3046 complete and 0 interrupted iterations
default   [   5% ] 25 VUs  0m15.0s/5m0s

running (0m16.0s), 25/25 VUs, 3234 complete and 0 interrupted iterations
default   [   5% ] 25 VUs  0m16.0s/5m0s

running (0m17.0s), 25/25 VUs, 3444 complete and 0 interrupted iterations
default   [   6% ] 25 VUs  0m17.0s/5m0s

running (0m18.0s), 25/25 VUs, 3636 complete and 0 interrupted iterations
default   [   6% ] 25 VUs  0m18.0s/5m0s

running (0m19.0s), 25/25 VUs, 3830 complete and 0 interrupted iterations
default   [   6% ] 25 VUs  0m19.0s/5m0s

running (0m20.0s), 25/25 VUs, 4024 complete and 0 interrupted iterations
default   [   7% ] 25 VUs  0m20.0s/5m0s

running (0m21.0s), 25/25 VUs, 4223 complete and 0 interrupted iterations
default   [   7% ] 25 VUs  0m21.0s/5m0s

running (0m22.0s), 25/25 VUs, 4417 complete and 0 interrupted iterations
default   [   7% ] 25 VUs  0m22.0s/5m0s

running (0m23.0s), 25/25 VUs, 4601 complete and 0 interrupted iterations
default   [   8% ] 25 VUs  0m23.0s/5m0s

running (0m24.0s), 25/25 VUs, 4798 complete and 0 interrupted iterations
default   [   8% ] 25 VUs  0m24.0s/5m0s

running (0m25.0s), 25/25 VUs, 5012 complete and 0 interrupted iterations
default   [   8% ] 25 VUs  0m25.0s/5m0s

running (0m26.0s), 25/25 VUs, 5207 complete and 0 interrupted iterations
default   [   9% ] 25 VUs  0m26.0s/5m0s

running (0m27.0s), 25/25 VUs, 5371 complete and 0 interrupted iterations
default   [   9% ] 25 VUs  0m27.0s/5m0s

running (0m28.0s), 25/25 VUs, 5548 complete and 0 interrupted iterations
default   [   9% ] 25 VUs  0m28.0s/5m0s

running (0m29.0s), 25/25 VUs, 5749 complete and 0 interrupted iterations
default   [  10% ] 25 VUs  0m29.0s/5m0s

running (0m30.0s), 25/25 VUs, 5931 complete and 0 interrupted iterations
default   [  10% ] 25 VUs  0m30.0s/5m0s

running (0m31.0s), 25/25 VUs, 6067 complete and 0 interrupted iterations
default   [  10% ] 25 VUs  0m31.0s/5m0s

running (0m32.0s), 25/25 VUs, 6263 complete and 0 interrupted iterations
default   [  11% ] 25 VUs  0m32.0s/5m0s

running (0m33.0s), 25/25 VUs, 6450 complete and 0 interrupted iterations
default   [  11% ] 25 VUs  0m33.0s/5m0s

running (0m34.0s), 25/25 VUs, 6641 complete and 0 interrupted iterations
default   [  11% ] 25 VUs  0m34.0s/5m0s

running (0m35.0s), 25/25 VUs, 6823 complete and 0 interrupted iterations
default   [  12% ] 25 VUs  0m35.0s/5m0s

running (0m36.0s), 25/25 VUs, 7037 complete and 0 interrupted iterations
default   [  12% ] 25 VUs  0m36.0s/5m0s

running (0m37.0s), 25/25 VUs, 7239 complete and 0 interrupted iterations
default   [  12% ] 25 VUs  0m37.0s/5m0s

running (0m38.0s), 25/25 VUs, 7427 complete and 0 interrupted iterations
default   [  13% ] 25 VUs  0m38.0s/5m0s

running (0m39.0s), 25/25 VUs, 7624 complete and 0 interrupted iterations
default   [  13% ] 25 VUs  0m39.0s/5m0s

running (0m40.0s), 25/25 VUs, 7834 complete and 0 interrupted iterations
default   [  13% ] 25 VUs  0m40.0s/5m0s

running (0m41.0s), 25/25 VUs, 8037 complete and 0 interrupted iterations
default   [  14% ] 25 VUs  0m41.0s/5m0s

running (0m42.0s), 25/25 VUs, 8250 complete and 0 interrupted iterations
default   [  14% ] 25 VUs  0m42.0s/5m0s

running (0m43.0s), 25/25 VUs, 8438 complete and 0 interrupted iterations
default   [  14% ] 25 VUs  0m43.0s/5m0s

running (0m44.0s), 25/25 VUs, 8641 complete and 0 interrupted iterations
default   [  15% ] 25 VUs  0m44.0s/5m0s

running (0m45.0s), 25/25 VUs, 8843 complete and 0 interrupted iterations
default   [  15% ] 25 VUs  0m45.0s/5m0s

running (0m46.0s), 25/25 VUs, 9024 complete and 0 interrupted iterations
default   [  15% ] 25 VUs  0m46.0s/5m0s

running (0m47.0s), 25/25 VUs, 9220 complete and 0 interrupted iterations
default   [  16% ] 25 VUs  0m47.0s/5m0s

running (0m48.0s), 25/25 VUs, 9435 complete and 0 interrupted iterations
default   [  16% ] 25 VUs  0m48.0s/5m0s

running (0m49.0s), 25/25 VUs, 9650 complete and 0 interrupted iterations
default   [  16% ] 25 VUs  0m49.0s/5m0s

running (0m50.0s), 25/25 VUs, 9855 complete and 0 interrupted iterations
default   [  17% ] 25 VUs  0m50.0s/5m0s

running (0m51.0s), 25/25 VUs, 10033 complete and 0 interrupted iterations
default   [  17% ] 25 VUs  0m51.0s/5m0s

running (0m52.0s), 25/25 VUs, 10249 complete and 0 interrupted iterations
default   [  17% ] 25 VUs  0m52.0s/5m0s

running (0m53.0s), 25/25 VUs, 10447 complete and 0 interrupted iterations
default   [  18% ] 25 VUs  0m53.0s/5m0s

running (0m54.0s), 25/25 VUs, 10649 complete and 0 interrupted iterations
default   [  18% ] 25 VUs  0m54.0s/5m0s

running (0m55.0s), 25/25 VUs, 10869 complete and 0 interrupted iterations
default   [  18% ] 25 VUs  0m55.0s/5m0s

running (0m56.0s), 25/25 VUs, 11067 complete and 0 interrupted iterations
default   [  19% ] 25 VUs  0m56.0s/5m0s

running (0m57.0s), 25/25 VUs, 11270 complete and 0 interrupted iterations
default   [  19% ] 25 VUs  0m57.0s/5m0s

running (0m58.0s), 25/25 VUs, 11475 complete and 0 interrupted iterations
default   [  19% ] 25 VUs  0m58.0s/5m0s

running (0m59.0s), 25/25 VUs, 11656 complete and 0 interrupted iterations
default   [  20% ] 25 VUs  0m59.0s/5m0s

running (1m00.0s), 25/25 VUs, 11847 complete and 0 interrupted iterations
default   [  20% ] 25 VUs  1m00.0s/5m0s

running (1m01.0s), 25/25 VUs, 12034 complete and 0 interrupted iterations
default   [  20% ] 25 VUs  1m01.0s/5m0s

running (1m02.0s), 25/25 VUs, 12222 complete and 0 interrupted iterations
default   [  21% ] 25 VUs  1m02.0s/5m0s

running (1m03.0s), 25/25 VUs, 12439 complete and 0 interrupted iterations
default   [  21% ] 25 VUs  1m03.0s/5m0s

running (1m04.0s), 25/25 VUs, 12624 complete and 0 interrupted iterations
default   [  21% ] 25 VUs  1m04.0s/5m0s

running (1m05.0s), 25/25 VUs, 12822 complete and 0 interrupted iterations
default   [  22% ] 25 VUs  1m05.0s/5m0s

running (1m06.0s), 25/25 VUs, 13021 complete and 0 interrupted iterations
default   [  22% ] 25 VUs  1m06.0s/5m0s

running (1m07.0s), 25/25 VUs, 13233 complete and 0 interrupted iterations
default   [  22% ] 25 VUs  1m07.0s/5m0s

running (1m08.0s), 25/25 VUs, 13432 complete and 0 interrupted iterations
default   [  23% ] 25 VUs  1m08.0s/5m0s

running (1m09.0s), 25/25 VUs, 13627 complete and 0 interrupted iterations
default   [  23% ] 25 VUs  1m09.0s/5m0s

running (1m10.0s), 25/25 VUs, 13830 complete and 0 interrupted iterations
default   [  23% ] 25 VUs  1m10.0s/5m0s

running (1m11.0s), 25/25 VUs, 14020 complete and 0 interrupted iterations
default   [  24% ] 25 VUs  1m11.0s/5m0s

running (1m12.0s), 25/25 VUs, 14217 complete and 0 interrupted iterations
default   [  24% ] 25 VUs  1m12.0s/5m0s

running (1m13.0s), 25/25 VUs, 14416 complete and 0 interrupted iterations
default   [  24% ] 25 VUs  1m13.0s/5m0s

running (1m14.0s), 25/25 VUs, 14612 complete and 0 interrupted iterations
default   [  25% ] 25 VUs  1m14.0s/5m0s

running (1m15.0s), 25/25 VUs, 14819 complete and 0 interrupted iterations
default   [  25% ] 25 VUs  1m15.0s/5m0s

running (1m16.0s), 25/25 VUs, 15023 complete and 0 interrupted iterations
default   [  25% ] 25 VUs  1m16.0s/5m0s

running (1m17.0s), 25/25 VUs, 15233 complete and 0 interrupted iterations
default   [  26% ] 25 VUs  1m17.0s/5m0s

running (1m18.0s), 25/25 VUs, 15423 complete and 0 interrupted iterations
default   [  26% ] 25 VUs  1m18.0s/5m0s

running (1m19.0s), 25/25 VUs, 15631 complete and 0 interrupted iterations
default   [  26% ] 25 VUs  1m19.0s/5m0s

running (1m20.0s), 25/25 VUs, 15828 complete and 0 interrupted iterations
default   [  27% ] 25 VUs  1m20.0s/5m0s

running (1m21.0s), 25/25 VUs, 16032 complete and 0 interrupted iterations
default   [  27% ] 25 VUs  1m21.0s/5m0s

running (1m22.0s), 25/25 VUs, 16227 complete and 0 interrupted iterations
default   [  27% ] 25 VUs  1m22.0s/5m0s

running (1m23.0s), 25/25 VUs, 16410 complete and 0 interrupted iterations
default   [  28% ] 25 VUs  1m23.0s/5m0s

running (1m24.0s), 25/25 VUs, 16591 complete and 0 interrupted iterations
default   [  28% ] 25 VUs  1m24.0s/5m0s

running (1m25.0s), 25/25 VUs, 16782 complete and 0 interrupted iterations
default   [  28% ] 25 VUs  1m25.0s/5m0s

running (1m26.0s), 25/25 VUs, 17002 complete and 0 interrupted iterations
default   [  29% ] 25 VUs  1m26.0s/5m0s

running (1m27.0s), 25/25 VUs, 17202 complete and 0 interrupted iterations
default   [  29% ] 25 VUs  1m27.0s/5m0s

running (1m28.0s), 25/25 VUs, 17338 complete and 0 interrupted iterations
default   [  29% ] 25 VUs  1m28.0s/5m0s

running (1m29.0s), 25/25 VUs, 17549 complete and 0 interrupted iterations
default   [  30% ] 25 VUs  1m29.0s/5m0s

running (1m30.0s), 25/25 VUs, 17738 complete and 0 interrupted iterations
default   [  30% ] 25 VUs  1m30.0s/5m0s

running (1m31.0s), 25/25 VUs, 17936 complete and 0 interrupted iterations
default   [  30% ] 25 VUs  1m31.0s/5m0s

running (1m32.0s), 25/25 VUs, 18136 complete and 0 interrupted iterations
default   [  31% ] 25 VUs  1m32.0s/5m0s

running (1m33.0s), 25/25 VUs, 18329 complete and 0 interrupted iterations
default   [  31% ] 25 VUs  1m33.0s/5m0s

running (1m34.0s), 25/25 VUs, 18523 complete and 0 interrupted iterations
default   [  31% ] 25 VUs  1m34.0s/5m0s

running (1m35.0s), 25/25 VUs, 18734 complete and 0 interrupted iterations
default   [  32% ] 25 VUs  1m35.0s/5m0s

running (1m36.0s), 25/25 VUs, 18944 complete and 0 interrupted iterations
default   [  32% ] 25 VUs  1m36.0s/5m0s

running (1m37.0s), 25/25 VUs, 19143 complete and 0 interrupted iterations
default   [  32% ] 25 VUs  1m37.0s/5m0s

running (1m38.0s), 25/25 VUs, 19342 complete and 0 interrupted iterations
default   [  33% ] 25 VUs  1m38.0s/5m0s

running (1m39.0s), 25/25 VUs, 19535 complete and 0 interrupted iterations
default   [  33% ] 25 VUs  1m39.0s/5m0s

running (1m40.0s), 25/25 VUs, 19746 complete and 0 interrupted iterations
default   [  33% ] 25 VUs  1m40.0s/5m0s

running (1m41.0s), 25/25 VUs, 19941 complete and 0 interrupted iterations
default   [  34% ] 25 VUs  1m41.0s/5m0s

running (1m42.0s), 25/25 VUs, 20147 complete and 0 interrupted iterations
default   [  34% ] 25 VUs  1m42.0s/5m0s

running (1m43.0s), 25/25 VUs, 20345 complete and 0 interrupted iterations
default   [  34% ] 25 VUs  1m43.0s/5m0s

running (1m44.0s), 25/25 VUs, 20550 complete and 0 interrupted iterations
default   [  35% ] 25 VUs  1m44.0s/5m0s

running (1m45.0s), 25/25 VUs, 20748 complete and 0 interrupted iterations
default   [  35% ] 25 VUs  1m45.0s/5m0s

running (1m46.0s), 25/25 VUs, 20958 complete and 0 interrupted iterations
default   [  35% ] 25 VUs  1m46.0s/5m0s

running (1m47.0s), 25/25 VUs, 21149 complete and 0 interrupted iterations
default   [  36% ] 25 VUs  1m47.0s/5m0s

running (1m48.0s), 25/25 VUs, 21334 complete and 0 interrupted iterations
default   [  36% ] 25 VUs  1m48.0s/5m0s

running (1m49.0s), 25/25 VUs, 21535 complete and 0 interrupted iterations
default   [  36% ] 25 VUs  1m49.0s/5m0s

running (1m50.0s), 25/25 VUs, 21737 complete and 0 interrupted iterations
default   [  37% ] 25 VUs  1m50.0s/5m0s

running (1m51.0s), 25/25 VUs, 21918 complete and 0 interrupted iterations
default   [  37% ] 25 VUs  1m51.0s/5m0s

running (1m52.0s), 25/25 VUs, 22119 complete and 0 interrupted iterations
default   [  37% ] 25 VUs  1m52.0s/5m0s

running (1m53.0s), 25/25 VUs, 22303 complete and 0 interrupted iterations
default   [  38% ] 25 VUs  1m53.0s/5m0s

running (1m54.0s), 25/25 VUs, 22473 complete and 0 interrupted iterations
default   [  38% ] 25 VUs  1m54.0s/5m0s

running (1m55.0s), 25/25 VUs, 22630 complete and 0 interrupted iterations
default   [  38% ] 25 VUs  1m55.0s/5m0s

running (1m56.0s), 25/25 VUs, 22816 complete and 0 interrupted iterations
default   [  39% ] 25 VUs  1m56.0s/5m0s

running (1m57.0s), 25/25 VUs, 23011 complete and 0 interrupted iterations
default   [  39% ] 25 VUs  1m57.0s/5m0s

running (1m58.0s), 25/25 VUs, 23197 complete and 0 interrupted iterations
default   [  39% ] 25 VUs  1m58.0s/5m0s

running (1m59.0s), 25/25 VUs, 23397 complete and 0 interrupted iterations
default   [  40% ] 25 VUs  1m59.0s/5m0s

running (2m00.0s), 25/25 VUs, 23599 complete and 0 interrupted iterations
default   [  40% ] 25 VUs  2m00.0s/5m0s

running (2m01.0s), 25/25 VUs, 23765 complete and 0 interrupted iterations
default   [  40% ] 25 VUs  2m01.0s/5m0s

running (2m02.0s), 25/25 VUs, 23961 complete and 0 interrupted iterations
default   [  41% ] 25 VUs  2m02.0s/5m0s

running (2m03.0s), 25/25 VUs, 24148 complete and 0 interrupted iterations
default   [  41% ] 25 VUs  2m03.0s/5m0s

running (2m04.0s), 25/25 VUs, 24320 complete and 0 interrupted iterations
default   [  41% ] 25 VUs  2m04.0s/5m0s

running (2m05.0s), 25/25 VUs, 24521 complete and 0 interrupted iterations
default   [  42% ] 25 VUs  2m05.0s/5m0s

running (2m06.0s), 25/25 VUs, 24726 complete and 0 interrupted iterations
default   [  42% ] 25 VUs  2m06.0s/5m0s

running (2m07.0s), 25/25 VUs, 24911 complete and 0 interrupted iterations
default   [  42% ] 25 VUs  2m07.0s/5m0s

running (2m08.0s), 25/25 VUs, 25111 complete and 0 interrupted iterations
default   [  43% ] 25 VUs  2m08.0s/5m0s

running (2m09.0s), 25/25 VUs, 25286 complete and 0 interrupted iterations
default   [  43% ] 25 VUs  2m09.0s/5m0s

running (2m10.0s), 25/25 VUs, 25481 complete and 0 interrupted iterations
default   [  43% ] 25 VUs  2m10.0s/5m0s

running (2m11.0s), 25/25 VUs, 25666 complete and 0 interrupted iterations
default   [  44% ] 25 VUs  2m11.0s/5m0s

running (2m12.0s), 25/25 VUs, 25870 complete and 0 interrupted iterations
default   [  44% ] 25 VUs  2m12.0s/5m0s

running (2m13.0s), 25/25 VUs, 26070 complete and 0 interrupted iterations
default   [  44% ] 25 VUs  2m13.0s/5m0s

running (2m14.0s), 25/25 VUs, 26270 complete and 0 interrupted iterations
default   [  45% ] 25 VUs  2m14.0s/5m0s

running (2m15.0s), 25/25 VUs, 26464 complete and 0 interrupted iterations
default   [  45% ] 25 VUs  2m15.0s/5m0s

running (2m16.0s), 25/25 VUs, 26651 complete and 0 interrupted iterations
default   [  45% ] 25 VUs  2m16.0s/5m0s

running (2m17.0s), 25/25 VUs, 26842 complete and 0 interrupted iterations
default   [  46% ] 25 VUs  2m17.0s/5m0s

running (2m18.0s), 25/25 VUs, 27039 complete and 0 interrupted iterations
default   [  46% ] 25 VUs  2m18.0s/5m0s

running (2m19.0s), 25/25 VUs, 27223 complete and 0 interrupted iterations
default   [  46% ] 25 VUs  2m19.0s/5m0s

running (2m20.0s), 25/25 VUs, 27409 complete and 0 interrupted iterations
default   [  47% ] 25 VUs  2m20.0s/5m0s

running (2m21.0s), 25/25 VUs, 27604 complete and 0 interrupted iterations
default   [  47% ] 25 VUs  2m21.0s/5m0s

running (2m22.0s), 25/25 VUs, 27792 complete and 0 interrupted iterations
default   [  47% ] 25 VUs  2m22.0s/5m0s

running (2m23.0s), 25/25 VUs, 27980 complete and 0 interrupted iterations
default   [  48% ] 25 VUs  2m23.0s/5m0s

running (2m24.0s), 25/25 VUs, 28154 complete and 0 interrupted iterations
default   [  48% ] 25 VUs  2m24.0s/5m0s

running (2m25.0s), 25/25 VUs, 28357 complete and 0 interrupted iterations
default   [  48% ] 25 VUs  2m25.0s/5m0s

running (2m26.0s), 25/25 VUs, 28550 complete and 0 interrupted iterations
default   [  49% ] 25 VUs  2m26.0s/5m0s

running (2m27.0s), 25/25 VUs, 28729 complete and 0 interrupted iterations
default   [  49% ] 25 VUs  2m27.0s/5m0s

running (2m28.0s), 25/25 VUs, 28924 complete and 0 interrupted iterations
default   [  49% ] 25 VUs  2m28.0s/5m0s

running (2m29.0s), 25/25 VUs, 29099 complete and 0 interrupted iterations
default   [  50% ] 25 VUs  2m29.0s/5m0s

running (2m30.0s), 25/25 VUs, 29288 complete and 0 interrupted iterations
default   [  50% ] 25 VUs  2m30.0s/5m0s

running (2m31.0s), 25/25 VUs, 29485 complete and 0 interrupted iterations
default   [  50% ] 25 VUs  2m31.0s/5m0s

running (2m32.0s), 25/25 VUs, 29689 complete and 0 interrupted iterations
default   [  51% ] 25 VUs  2m32.0s/5m0s

running (2m33.0s), 25/25 VUs, 29885 complete and 0 interrupted iterations
default   [  51% ] 25 VUs  2m33.0s/5m0s

running (2m34.0s), 25/25 VUs, 30071 complete and 0 interrupted iterations
default   [  51% ] 25 VUs  2m34.0s/5m0s

running (2m35.0s), 25/25 VUs, 30240 complete and 0 interrupted iterations
default   [  52% ] 25 VUs  2m35.0s/5m0s

running (2m36.0s), 25/25 VUs, 30435 complete and 0 interrupted iterations
default   [  52% ] 25 VUs  2m36.0s/5m0s

running (2m37.0s), 25/25 VUs, 30631 complete and 0 interrupted iterations
default   [  52% ] 25 VUs  2m37.0s/5m0s

running (2m38.0s), 25/25 VUs, 30804 complete and 0 interrupted iterations
default   [  53% ] 25 VUs  2m38.0s/5m0s

running (2m39.0s), 25/25 VUs, 30984 complete and 0 interrupted iterations
default   [  53% ] 25 VUs  2m39.0s/5m0s

running (2m40.0s), 25/25 VUs, 31176 complete and 0 interrupted iterations
default   [  53% ] 25 VUs  2m40.0s/5m0s

running (2m41.0s), 25/25 VUs, 31327 complete and 0 interrupted iterations
default   [  54% ] 25 VUs  2m41.0s/5m0s

running (2m42.0s), 25/25 VUs, 31506 complete and 0 interrupted iterations
default   [  54% ] 25 VUs  2m42.0s/5m0s

running (2m43.0s), 25/25 VUs, 31699 complete and 0 interrupted iterations
default   [  54% ] 25 VUs  2m43.0s/5m0s

running (2m44.0s), 25/25 VUs, 31890 complete and 0 interrupted iterations
default   [  55% ] 25 VUs  2m44.0s/5m0s

running (2m45.0s), 25/25 VUs, 32078 complete and 0 interrupted iterations
default   [  55% ] 25 VUs  2m45.0s/5m0s

running (2m46.0s), 25/25 VUs, 32265 complete and 0 interrupted iterations
default   [  55% ] 25 VUs  2m46.0s/5m0s

running (2m47.0s), 25/25 VUs, 32447 complete and 0 interrupted iterations
default   [  56% ] 25 VUs  2m47.0s/5m0s

running (2m48.0s), 25/25 VUs, 32639 complete and 0 interrupted iterations
default   [  56% ] 25 VUs  2m48.0s/5m0s

running (2m49.0s), 25/25 VUs, 32828 complete and 0 interrupted iterations
default   [  56% ] 25 VUs  2m49.0s/5m0s

running (2m50.0s), 25/25 VUs, 33039 complete and 0 interrupted iterations
default   [  57% ] 25 VUs  2m50.0s/5m0s

running (2m51.0s), 25/25 VUs, 33231 complete and 0 interrupted iterations
default   [  57% ] 25 VUs  2m51.0s/5m0s

running (2m52.0s), 25/25 VUs, 33440 complete and 0 interrupted iterations
default   [  57% ] 25 VUs  2m52.0s/5m0s

running (2m53.0s), 25/25 VUs, 33621 complete and 0 interrupted iterations
default   [  58% ] 25 VUs  2m53.0s/5m0s

running (2m54.0s), 25/25 VUs, 33799 complete and 0 interrupted iterations
default   [  58% ] 25 VUs  2m54.0s/5m0s

running (2m55.0s), 25/25 VUs, 33982 complete and 0 interrupted iterations
default   [  58% ] 25 VUs  2m55.0s/5m0s

running (2m56.0s), 25/25 VUs, 34176 complete and 0 interrupted iterations
default   [  59% ] 25 VUs  2m56.0s/5m0s

running (2m57.0s), 25/25 VUs, 34358 complete and 0 interrupted iterations
default   [  59% ] 25 VUs  2m57.0s/5m0s

running (2m58.0s), 25/25 VUs, 34550 complete and 0 interrupted iterations
default   [  59% ] 25 VUs  2m58.0s/5m0s

running (2m59.0s), 25/25 VUs, 34730 complete and 0 interrupted iterations
default   [  60% ] 25 VUs  2m59.0s/5m0s

running (3m00.0s), 25/25 VUs, 34920 complete and 0 interrupted iterations
default   [  60% ] 25 VUs  3m00.0s/5m0s

running (3m01.0s), 25/25 VUs, 35109 complete and 0 interrupted iterations
default   [  60% ] 25 VUs  3m01.0s/5m0s

running (3m02.0s), 25/25 VUs, 35304 complete and 0 interrupted iterations
default   [  61% ] 25 VUs  3m02.0s/5m0s

running (3m03.0s), 25/25 VUs, 35509 complete and 0 interrupted iterations
default   [  61% ] 25 VUs  3m03.0s/5m0s

running (3m04.0s), 25/25 VUs, 35709 complete and 0 interrupted iterations
default   [  61% ] 25 VUs  3m04.0s/5m0s

running (3m05.0s), 25/25 VUs, 35910 complete and 0 interrupted iterations
default   [  62% ] 25 VUs  3m05.0s/5m0s

running (3m06.0s), 25/25 VUs, 36103 complete and 0 interrupted iterations
default   [  62% ] 25 VUs  3m06.0s/5m0s

running (3m07.0s), 25/25 VUs, 36283 complete and 0 interrupted iterations
default   [  62% ] 25 VUs  3m07.0s/5m0s

running (3m08.0s), 25/25 VUs, 36450 complete and 0 interrupted iterations
default   [  63% ] 25 VUs  3m08.0s/5m0s

running (3m09.0s), 25/25 VUs, 36634 complete and 0 interrupted iterations
default   [  63% ] 25 VUs  3m09.0s/5m0s

running (3m10.0s), 25/25 VUs, 36816 complete and 0 interrupted iterations
default   [  63% ] 25 VUs  3m10.0s/5m0s

running (3m11.0s), 25/25 VUs, 37008 complete and 0 interrupted iterations
default   [  64% ] 25 VUs  3m11.0s/5m0s

running (3m12.0s), 25/25 VUs, 37195 complete and 0 interrupted iterations
default   [  64% ] 25 VUs  3m12.0s/5m0s

running (3m13.0s), 25/25 VUs, 37360 complete and 0 interrupted iterations
default   [  64% ] 25 VUs  3m13.0s/5m0s

running (3m14.0s), 25/25 VUs, 37543 complete and 0 interrupted iterations
default   [  65% ] 25 VUs  3m14.0s/5m0s

running (3m15.0s), 25/25 VUs, 37716 complete and 0 interrupted iterations
default   [  65% ] 25 VUs  3m15.0s/5m0s

running (3m16.0s), 25/25 VUs, 37902 complete and 0 interrupted iterations
default   [  65% ] 25 VUs  3m16.0s/5m0s

running (3m17.0s), 25/25 VUs, 38088 complete and 0 interrupted iterations
default   [  66% ] 25 VUs  3m17.0s/5m0s

running (3m18.0s), 25/25 VUs, 38268 complete and 0 interrupted iterations
default   [  66% ] 25 VUs  3m18.0s/5m0s

running (3m19.0s), 25/25 VUs, 38471 complete and 0 interrupted iterations
default   [  66% ] 25 VUs  3m19.0s/5m0s

running (3m20.0s), 25/25 VUs, 38665 complete and 0 interrupted iterations
default   [  67% ] 25 VUs  3m20.0s/5m0s

running (3m21.0s), 25/25 VUs, 38826 complete and 0 interrupted iterations
default   [  67% ] 25 VUs  3m21.0s/5m0s

running (3m22.0s), 25/25 VUs, 38994 complete and 0 interrupted iterations
default   [  67% ] 25 VUs  3m22.0s/5m0s

running (3m23.0s), 25/25 VUs, 39147 complete and 0 interrupted iterations
default   [  68% ] 25 VUs  3m23.0s/5m0s

running (3m24.0s), 25/25 VUs, 39257 complete and 0 interrupted iterations
default   [  68% ] 25 VUs  3m24.0s/5m0s

running (3m25.0s), 25/25 VUs, 39389 complete and 0 interrupted iterations
default   [  68% ] 25 VUs  3m25.0s/5m0s

running (3m26.0s), 25/25 VUs, 39535 complete and 0 interrupted iterations
default   [  69% ] 25 VUs  3m26.0s/5m0s

running (3m27.0s), 25/25 VUs, 39677 complete and 0 interrupted iterations
default   [  69% ] 25 VUs  3m27.0s/5m0s

running (3m28.0s), 25/25 VUs, 39840 complete and 0 interrupted iterations
default   [  69% ] 25 VUs  3m28.0s/5m0s

running (3m29.0s), 25/25 VUs, 39985 complete and 0 interrupted iterations
default   [  70% ] 25 VUs  3m29.0s/5m0s

running (3m30.0s), 25/25 VUs, 40138 complete and 0 interrupted iterations
default   [  70% ] 25 VUs  3m30.0s/5m0s

running (3m31.0s), 25/25 VUs, 40288 complete and 0 interrupted iterations
default   [  70% ] 25 VUs  3m31.0s/5m0s

running (3m32.0s), 25/25 VUs, 40446 complete and 0 interrupted iterations
default   [  71% ] 25 VUs  3m32.0s/5m0s

running (3m33.0s), 25/25 VUs, 40621 complete and 0 interrupted iterations
default   [  71% ] 25 VUs  3m33.0s/5m0s

running (3m34.0s), 25/25 VUs, 40761 complete and 0 interrupted iterations
default   [  71% ] 25 VUs  3m34.0s/5m0s

running (3m35.0s), 25/25 VUs, 40925 complete and 0 interrupted iterations
default   [  72% ] 25 VUs  3m35.0s/5m0s

running (3m36.0s), 25/25 VUs, 41065 complete and 0 interrupted iterations
default   [  72% ] 25 VUs  3m36.0s/5m0s

running (3m37.0s), 25/25 VUs, 41205 complete and 0 interrupted iterations
default   [  72% ] 25 VUs  3m37.0s/5m0s

running (3m38.0s), 25/25 VUs, 41370 complete and 0 interrupted iterations
default   [  73% ] 25 VUs  3m38.0s/5m0s

running (3m39.0s), 25/25 VUs, 41524 complete and 0 interrupted iterations
default   [  73% ] 25 VUs  3m39.0s/5m0s

running (3m40.0s), 25/25 VUs, 41695 complete and 0 interrupted iterations
default   [  73% ] 25 VUs  3m40.0s/5m0s

running (3m41.0s), 25/25 VUs, 41874 complete and 0 interrupted iterations
default   [  74% ] 25 VUs  3m41.0s/5m0s

running (3m42.0s), 25/25 VUs, 42050 complete and 0 interrupted iterations
default   [  74% ] 25 VUs  3m42.0s/5m0s

running (3m43.0s), 25/25 VUs, 42227 complete and 0 interrupted iterations
default   [  74% ] 25 VUs  3m43.0s/5m0s

running (3m44.0s), 25/25 VUs, 42354 complete and 0 interrupted iterations
default   [  75% ] 25 VUs  3m44.0s/5m0s

running (3m45.0s), 25/25 VUs, 42513 complete and 0 interrupted iterations
default   [  75% ] 25 VUs  3m45.0s/5m0s

running (3m46.0s), 25/25 VUs, 42662 complete and 0 interrupted iterations
default   [  75% ] 25 VUs  3m46.0s/5m0s

running (3m47.0s), 25/25 VUs, 42833 complete and 0 interrupted iterations
default   [  76% ] 25 VUs  3m47.0s/5m0s

running (3m48.0s), 25/25 VUs, 43003 complete and 0 interrupted iterations
default   [  76% ] 25 VUs  3m48.0s/5m0s

running (3m49.0s), 25/25 VUs, 43169 complete and 0 interrupted iterations
default   [  76% ] 25 VUs  3m49.0s/5m0s

running (3m50.0s), 25/25 VUs, 43354 complete and 0 interrupted iterations
default   [  77% ] 25 VUs  3m50.0s/5m0s

running (3m51.0s), 25/25 VUs, 43513 complete and 0 interrupted iterations
default   [  77% ] 25 VUs  3m51.0s/5m0s

running (3m52.0s), 25/25 VUs, 43699 complete and 0 interrupted iterations
default   [  77% ] 25 VUs  3m52.0s/5m0s

running (3m53.0s), 25/25 VUs, 43869 complete and 0 interrupted iterations
default   [  78% ] 25 VUs  3m53.0s/5m0s

running (3m54.0s), 25/25 VUs, 44022 complete and 0 interrupted iterations
default   [  78% ] 25 VUs  3m54.0s/5m0s

running (3m55.0s), 25/25 VUs, 44191 complete and 0 interrupted iterations
default   [  78% ] 25 VUs  3m55.0s/5m0s

running (3m56.0s), 25/25 VUs, 44362 complete and 0 interrupted iterations
default   [  79% ] 25 VUs  3m56.0s/5m0s

running (3m57.0s), 25/25 VUs, 44526 complete and 0 interrupted iterations
default   [  79% ] 25 VUs  3m57.0s/5m0s

running (3m58.0s), 25/25 VUs, 44670 complete and 0 interrupted iterations
default   [  79% ] 25 VUs  3m58.0s/5m0s

running (3m59.0s), 25/25 VUs, 44816 complete and 0 interrupted iterations
default   [  80% ] 25 VUs  3m59.0s/5m0s

running (4m00.0s), 25/25 VUs, 44974 complete and 0 interrupted iterations
default   [  80% ] 25 VUs  4m00.0s/5m0s

running (4m01.0s), 25/25 VUs, 45135 complete and 0 interrupted iterations
default   [  80% ] 25 VUs  4m01.0s/5m0s

running (4m02.0s), 25/25 VUs, 45311 complete and 0 interrupted iterations
default   [  81% ] 25 VUs  4m02.0s/5m0s

running (4m03.0s), 25/25 VUs, 45493 complete and 0 interrupted iterations
default   [  81% ] 25 VUs  4m03.0s/5m0s

running (4m04.0s), 25/25 VUs, 45627 complete and 0 interrupted iterations
default   [  81% ] 25 VUs  4m04.0s/5m0s

running (4m05.0s), 25/25 VUs, 45771 complete and 0 interrupted iterations
default   [  82% ] 25 VUs  4m05.0s/5m0s

running (4m06.0s), 25/25 VUs, 45961 complete and 0 interrupted iterations
default   [  82% ] 25 VUs  4m06.0s/5m0s

running (4m07.0s), 25/25 VUs, 46085 complete and 0 interrupted iterations
default   [  82% ] 25 VUs  4m07.0s/5m0s

running (4m08.0s), 25/25 VUs, 46271 complete and 0 interrupted iterations
default   [  83% ] 25 VUs  4m08.0s/5m0s

running (4m09.0s), 25/25 VUs, 46444 complete and 0 interrupted iterations
default   [  83% ] 25 VUs  4m09.0s/5m0s

running (4m10.0s), 25/25 VUs, 46650 complete and 0 interrupted iterations
default   [  83% ] 25 VUs  4m10.0s/5m0s

running (4m11.0s), 25/25 VUs, 46842 complete and 0 interrupted iterations
default   [  84% ] 25 VUs  4m11.0s/5m0s

running (4m12.0s), 25/25 VUs, 47013 complete and 0 interrupted iterations
default   [  84% ] 25 VUs  4m12.0s/5m0s

running (4m13.0s), 25/25 VUs, 47184 complete and 0 interrupted iterations
default   [  84% ] 25 VUs  4m13.0s/5m0s

running (4m14.0s), 25/25 VUs, 47354 complete and 0 interrupted iterations
default   [  85% ] 25 VUs  4m14.0s/5m0s

running (4m15.0s), 25/25 VUs, 47525 complete and 0 interrupted iterations
default   [  85% ] 25 VUs  4m15.0s/5m0s

running (4m16.0s), 25/25 VUs, 47686 complete and 0 interrupted iterations
default   [  85% ] 25 VUs  4m16.0s/5m0s

running (4m17.0s), 25/25 VUs, 47884 complete and 0 interrupted iterations
default   [  86% ] 25 VUs  4m17.0s/5m0s

running (4m18.0s), 25/25 VUs, 48085 complete and 0 interrupted iterations
default   [  86% ] 25 VUs  4m18.0s/5m0s

running (4m19.0s), 25/25 VUs, 48287 complete and 0 interrupted iterations
default   [  86% ] 25 VUs  4m19.0s/5m0s

running (4m20.0s), 25/25 VUs, 48479 complete and 0 interrupted iterations
default   [  87% ] 25 VUs  4m20.0s/5m0s

running (4m21.0s), 25/25 VUs, 48662 complete and 0 interrupted iterations
default   [  87% ] 25 VUs  4m21.0s/5m0s

running (4m22.0s), 25/25 VUs, 48854 complete and 0 interrupted iterations
default   [  87% ] 25 VUs  4m22.0s/5m0s

running (4m23.0s), 25/25 VUs, 49038 complete and 0 interrupted iterations
default   [  88% ] 25 VUs  4m23.0s/5m0s

running (4m24.0s), 25/25 VUs, 49214 complete and 0 interrupted iterations
default   [  88% ] 25 VUs  4m24.0s/5m0s

running (4m25.0s), 25/25 VUs, 49415 complete and 0 interrupted iterations
default   [  88% ] 25 VUs  4m25.0s/5m0s

running (4m26.0s), 25/25 VUs, 49615 complete and 0 interrupted iterations
default   [  89% ] 25 VUs  4m26.0s/5m0s

running (4m27.0s), 25/25 VUs, 49809 complete and 0 interrupted iterations
default   [  89% ] 25 VUs  4m27.0s/5m0s

running (4m28.0s), 25/25 VUs, 49997 complete and 0 interrupted iterations
default   [  89% ] 25 VUs  4m28.0s/5m0s

running (4m29.0s), 25/25 VUs, 50182 complete and 0 interrupted iterations
default   [  90% ] 25 VUs  4m29.0s/5m0s

running (4m30.0s), 25/25 VUs, 50371 complete and 0 interrupted iterations
default   [  90% ] 25 VUs  4m30.0s/5m0s

running (4m31.0s), 25/25 VUs, 50547 complete and 0 interrupted iterations
default   [  90% ] 25 VUs  4m31.0s/5m0s

running (4m32.0s), 25/25 VUs, 50742 complete and 0 interrupted iterations
default   [  91% ] 25 VUs  4m32.0s/5m0s

running (4m33.0s), 25/25 VUs, 50942 complete and 0 interrupted iterations
default   [  91% ] 25 VUs  4m33.0s/5m0s

running (4m34.0s), 25/25 VUs, 51123 complete and 0 interrupted iterations
default   [  91% ] 25 VUs  4m34.0s/5m0s

running (4m35.0s), 25/25 VUs, 51319 complete and 0 interrupted iterations
default   [  92% ] 25 VUs  4m35.0s/5m0s

running (4m36.0s), 25/25 VUs, 51516 complete and 0 interrupted iterations
default   [  92% ] 25 VUs  4m36.0s/5m0s

running (4m37.0s), 25/25 VUs, 51716 complete and 0 interrupted iterations
default   [  92% ] 25 VUs  4m37.0s/5m0s

running (4m38.0s), 25/25 VUs, 51898 complete and 0 interrupted iterations
default   [  93% ] 25 VUs  4m38.0s/5m0s

running (4m39.0s), 25/25 VUs, 52078 complete and 0 interrupted iterations
default   [  93% ] 25 VUs  4m39.0s/5m0s

running (4m40.0s), 25/25 VUs, 52272 complete and 0 interrupted iterations
default   [  93% ] 25 VUs  4m40.0s/5m0s

running (4m41.0s), 25/25 VUs, 52453 complete and 0 interrupted iterations
default   [  94% ] 25 VUs  4m41.0s/5m0s

running (4m42.0s), 25/25 VUs, 52611 complete and 0 interrupted iterations
default   [  94% ] 25 VUs  4m42.0s/5m0s

running (4m43.0s), 25/25 VUs, 52813 complete and 0 interrupted iterations
default   [  94% ] 25 VUs  4m43.0s/5m0s

running (4m44.0s), 25/25 VUs, 53007 complete and 0 interrupted iterations
default   [  95% ] 25 VUs  4m44.0s/5m0s

running (4m45.0s), 25/25 VUs, 53192 complete and 0 interrupted iterations
default   [  95% ] 25 VUs  4m45.0s/5m0s

running (4m46.0s), 25/25 VUs, 53362 complete and 0 interrupted iterations
default   [  95% ] 25 VUs  4m46.0s/5m0s

running (4m47.0s), 25/25 VUs, 53569 complete and 0 interrupted iterations
default   [  96% ] 25 VUs  4m47.0s/5m0s

running (4m48.0s), 25/25 VUs, 53765 complete and 0 interrupted iterations
default   [  96% ] 25 VUs  4m48.0s/5m0s

running (4m49.0s), 25/25 VUs, 53954 complete and 0 interrupted iterations
default   [  96% ] 25 VUs  4m49.0s/5m0s

running (4m50.0s), 25/25 VUs, 54160 complete and 0 interrupted iterations
default   [  97% ] 25 VUs  4m50.0s/5m0s

running (4m51.0s), 25/25 VUs, 54358 complete and 0 interrupted iterations
default   [  97% ] 25 VUs  4m51.0s/5m0s

running (4m52.0s), 25/25 VUs, 54542 complete and 0 interrupted iterations
default   [  97% ] 25 VUs  4m52.0s/5m0s

running (4m53.0s), 25/25 VUs, 54764 complete and 0 interrupted iterations
default   [  98% ] 25 VUs  4m53.0s/5m0s

running (4m54.0s), 25/25 VUs, 54911 complete and 0 interrupted iterations
default   [  98% ] 25 VUs  4m54.0s/5m0s

running (4m55.0s), 25/25 VUs, 55176 complete and 0 interrupted iterations
default   [  98% ] 25 VUs  4m55.0s/5m0s

running (4m56.0s), 25/25 VUs, 55431 complete and 0 interrupted iterations
default   [  99% ] 25 VUs  4m56.0s/5m0s

running (4m57.0s), 25/25 VUs, 55720 complete and 0 interrupted iterations
default   [  99% ] 25 VUs  4m57.0s/5m0s

running (4m58.0s), 25/25 VUs, 55974 complete and 0 interrupted iterations
default   [  99% ] 25 VUs  4m58.0s/5m0s

running (4m59.0s), 25/25 VUs, 56272 complete and 0 interrupted iterations
default   [ 100% ] 25 VUs  4m59.0s/5m0s

running (5m00.0s), 25/25 VUs, 56569 complete and 0 interrupted iterations
default   [ 100% ] 25 VUs  5m00.0s/5m0s


  █ THRESHOLDS 

    http_req_duration
    ✓ 'p(95)<750' p(95)=196.8ms
    ✓ 'p(99)<1500' p(99)=259.96ms

    http_req_failed
    ✓ 'rate<0.01' rate=0.00%

    search_checks
    ✓ 'rate>0.99' rate=100.00%


  █ TOTAL RESULTS 

    checks_total.......................: 282970  942.946253/s
    checks_succeeded...................: 100.00% 282970 out of 282970
    checks_failed......................: 0.00%   0 out of 282970

    ✓ status is 200
    ✓ response is json
    ✓ docs is an array
    ✓ meta is an array
    ✓ stats has java timing when present

    CUSTOM
    search_checks...........................................................: 100.00% 56594 out of 56594
    search_docs_returned....................................................: avg=9.962328  min=3        med=10        max=10         p(90)=10        p(95)=10       
    search_http_time_ms.....................................................: avg=132.08632 min=51.55    med=124.21    max=1168.865   p(90)=178.366   p(95)=196.80645
    search_java_non_mongo_time_ms...........................................: avg=18.357629 min=6.0995   med=17.515479 max=165.307542 p(90)=26.3329   p(95)=28.805942
    search_mongodb_time_ms..................................................: avg=34.33623  min=3.555833 med=22.209688 max=987.933833 p(90)=73.887292 p(95)=83.331783
    search_requests.........................................................: 56594   188.589251/s

    HTTP
    http_req_duration.......................................................: avg=132.08ms  min=51.55ms  med=124.21ms  max=1.16s      p(90)=178.36ms  p(95)=196.8ms  
      { expected_response:true }............................................: avg=132.08ms  min=51.55ms  med=124.21ms  max=1.16s      p(90)=178.36ms  p(95)=196.8ms  
    http_req_failed.........................................................: 0.00%   0 out of 56594
    http_reqs...............................................................: 56594   188.589251/s

    EXECUTION
    iteration_duration......................................................: avg=132.52ms  min=51.8ms   med=124.63ms  max=1.17s      p(90)=178.82ms  p(95)=197.24ms 
    iterations..............................................................: 56594   188.589251/s
    vus.....................................................................: 25      min=25             max=25
    vus_max.................................................................: 25      min=25             max=25

    NETWORK
    data_received...........................................................: 223 MB  745 kB/s
    data_sent...............................................................: 11 MB   35 kB/s




running (5m00.1s), 00/25 VUs, 56594 complete and 0 interrupted iterations
default ✓ [ 100% ] 25 VUs  5m0s
